# JRE version: OpenJDK Runtime Environment JBR-17.0.9+7-1087.7-jcef (17.0.9+7) (build 17.0.9+7-b1087.7)
# Java VM: OpenJDK 64-Bit Server VM JBR-17.0.9+7-1087.7-jcef (17.0.9+7-b1087.7, mixed mode, tiered, compressed oops, compressed class ptrs, g1 gc, windows-amd64)
GC Precious Log:
 CPUs: 16 total, 16 available
 Memory: 7563M
 Large Page Support: Disabled
 NUMA Support: Disabled
 Compressed Oops: Enabled (32-bit)
 Heap Region Size: 1M
 Heap Min Capacity: 8M
 Heap Initial Capacity: 120M
 Heap Max Capacity: 2G
 Pre-touch: Disabled
 Parallel Workers: 13
 Concurrent Workers: 3
 Concurrent Refinement Workers: 13
 Periodic GC: Disabled
Heap:
 garbage-first heap   total 414720K, used 338064K [0x0000000080000000, 0x0000000100000000)
  region size 1024K, 16 young (16384K), 4 survivors (4096K)
 Metaspace       used 188050K, committed 189632K, reserved 1245184K
  class space    used 24410K, committed 25152K, reserved 1048576K
GC Heap History (20 events):
Event: 473.438 GC heap before
{Heap before GC invocations=68 (full 0):
 garbage-first heap   total 414720K, used 339993K [0x0000000080000000, 0x0000000100000000)
  region size 1024K, 96 young (98304K), 13 survivors (13312K)
 Metaspace       used 179398K, committed 180544K, reserved 1245184K
  class space    used 23412K, committed 23936K, reserved 1048576K
}
Event: 473.523 GC heap after
{Heap after GC invocations=69 (full 0):
 garbage-first heap   total 414720K, used 267430K [0x0000000080000000, 0x0000000100000000)
  region size 1024K, 11 young (11264K), 11 survivors (11264K)
 Metaspace       used 179398K, committed 180544K, reserved 1245184K
  class space    used 23412K, committed 23936K, reserved 1048576K
}
Event: 476.085 GC heap before
{Heap before GC invocations=69 (full 0):
 garbage-first heap   total 414720K, used 349350K [0x0000000080000000, 0x0000000100000000)
  region size 1024K, 85 young (87040K), 11 survivors (11264K)
 Metaspace       used 182122K, committed 183296K, reserved 1245184K
  class space    used 23695K, committed 24256K, reserved 1048576K
}
Event: 476.100 GC heap after
{Heap after GC invocations=70 (full 0):
 garbage-first heap   total 414720K, used 273883K [0x0000000080000000, 0x0000000100000000)
  region size 1024K, 7 young (7168K), 7 survivors (7168K)
 Metaspace       used 182122K, committed 183296K, reserved 1245184K
  class space    used 23695K, committed 24256K, reserved 1048576K
}
Event: 513.080 GC heap before
{Heap before GC invocations=70 (full 0):
 garbage-first heap   total 414720K, used 346587K [0x0000000080000000, 0x0000000100000000)
  region size 1024K, 78 young (79872K), 7 survivors (7168K)
 Metaspace       used 182330K, committed 183488K, reserved 1245184K
  class space    used 23707K, committed 24256K, reserved 1048576K
}
Event: 513.138 GC heap after
{Heap after GC invocations=71 (full 0):
 garbage-first heap   total 414720K, used 278889K [0x0000000080000000, 0x0000000100000000)
  region size 1024K, 6 young (6144K), 6 survivors (6144K)
 Metaspace       used 182330K, committed 183488K, reserved 1245184K
  class space    used 23707K, committed 24256K, reserved 1048576K
}
Event: 514.992 GC heap before
{Heap before GC invocations=71 (full 0):
 garbage-first heap   total 414720K, used 347497K [0x0000000080000000, 0x0000000100000000)
  region size 1024K, 74 young (75776K), 6 survivors (6144K)
 Metaspace       used 182608K, committed 183808K, reserved 1245184K
  class space    used 23718K, committed 24256K, reserved 1048576K
}
Event: 515.007 GC heap after
{Heap after GC invocations=72 (full 0):
 garbage-first heap   total 414720K, used 288464K [0x0000000080000000, 0x0000000100000000)
  region size 1024K, 10 young (10240K), 10 survivors (10240K)
 Metaspace       used 182608K, committed 183808K, reserved 1245184K
  class space    used 23718K, committed 24256K, reserved 1048576K
}
Event: 562.121 GC heap before
{Heap before GC invocations=72 (full 0):
 garbage-first heap   total 414720K, used 349904K [0x0000000080000000, 0x0000000100000000)
  region size 1024K, 70 young (71680K), 10 survivors (10240K)
 Metaspace       used 183122K, committed 184448K, reserved 1245184K
  class space    used 23805K, committed 24448K, reserved 1048576K
}
Event: 562.135 GC heap after
{Heap after GC invocations=73 (full 0):
 garbage-first heap   total 414720K, used 295026K [0x0000000080000000, 0x0000000100000000)
  region size 1024K, 7 young (7168K), 7 survivors (7168K)
 Metaspace       used 183122K, committed 184448K, reserved 1245184K
  class space    used 23805K, committed 24448K, reserved 1048576K
}
Event: 1898.275 GC heap before
{Heap before GC invocations=73 (full 0):
 garbage-first heap   total 414720K, used 350322K [0x0000000080000000, 0x0000000100000000)
  region size 1024K, 62 young (63488K), 7 survivors (7168K)
 Metaspace       used 183314K, committed 184640K, reserved 1245184K
  class space    used 23816K, committed 24448K, reserved 1048576K
}
Event: 1898.367 GC heap after
{Heap after GC invocations=74 (full 0):
 garbage-first heap   total 414720K, used 298307K [0x0000000080000000, 0x0000000100000000)
  region size 1024K, 4 young (4096K), 4 survivors (4096K)
 Metaspace       used 183314K, committed 184640K, reserved 1245184K
  class space    used 23816K, committed 24448K, reserved 1048576K
}
Event: 1903.179 GC heap before
{Heap before GC invocations=74 (full 0):
 garbage-first heap   total 414720K, used 353603K [0x0000000080000000, 0x0000000100000000)
  region size 1024K, 59 young (60416K), 4 survivors (4096K)
 Metaspace       used 184409K, committed 185792K, reserved 1245184K
  class space    used 23983K, committed 24640K, reserved 1048576K
}
Event: 1903.207 GC heap after
{Heap after GC invocations=75 (full 0):
 garbage-first heap   total 414720K, used 305895K [0x0000000080000000, 0x0000000100000000)
  region size 1024K, 8 young (8192K), 8 survivors (8192K)
 Metaspace       used 184409K, committed 185792K, reserved 1245184K
  class space    used 23983K, committed 24640K, reserved 1048576K
}
Event: 1905.095 GC heap before
{Heap before GC invocations=75 (full 0):
 garbage-first heap   total 414720K, used 357095K [0x0000000080000000, 0x0000000100000000)
  region size 1024K, 56 young (57344K), 8 survivors (8192K)
 Metaspace       used 186249K, committed 187712K, reserved 1245184K
  class space    used 24234K, committed 24960K, reserved 1048576K
}
Event: 1905.115 GC heap after
{Heap after GC invocations=76 (full 0):
 garbage-first heap   total 414720K, used 317380K [0x0000000080000000, 0x0000000100000000)
  region size 1024K, 7 young (7168K), 7 survivors (7168K)
 Metaspace       used 186249K, committed 187712K, reserved 1245184K
  class space    used 24234K, committed 24960K, reserved 1048576K
}
Event: 1906.164 GC heap before
{Heap before GC invocations=76 (full 0):
 garbage-first heap   total 414720K, used 354244K [0x0000000080000000, 0x0000000100000000)
  region size 1024K, 44 young (45056K), 7 survivors (7168K)
 Metaspace       used 187758K, committed 189184K, reserved 1245184K
  class space    used 24407K, committed 25088K, reserved 1048576K
}
Event: 1906.196 GC heap after
{Heap after GC invocations=77 (full 0):
 garbage-first heap   total 414720K, used 328993K [0x0000000080000000, 0x0000000100000000)
  region size 1024K, 6 young (6144K), 6 survivors (6144K)
 Metaspace       used 187758K, committed 189184K, reserved 1245184K
  class space    used 24407K, committed 25088K, reserved 1048576K
}
Event: 1906.673 GC heap before
{Heap before GC invocations=77 (full 0):
 garbage-first heap   total 414720K, used 360737K [0x0000000080000000, 0x0000000100000000)
  region size 1024K, 30 young (30720K), 6 survivors (6144K)
 Metaspace       used 188008K, committed 189440K, reserved 1245184K
  class space    used 24427K, committed 25152K, reserved 1048576K
}
Event: 1906.690 GC heap after
{Heap after GC invocations=78 (full 0):
 garbage-first heap   total 414720K, used 338064K [0x0000000080000000, 0x0000000100000000)
  region size 1024K, 4 young (4096K), 4 survivors (4096K)
 Metaspace       used 188008K, committed 189440K, reserved 1245184K
  class space    used 24427K, committed 25152K, reserved 1048576K
}

