# JRE version: OpenJDK Runtime Environment JBR-17.0.9+7-1087.7-jcef (17.0.9+7) (build 17.0.9+7-b1087.7)
# Java VM: OpenJDK 64-Bit Server VM JBR-17.0.9+7-1087.7-jcef (17.0.9+7-b1087.7, mixed mode, tiered, compressed oops, compressed class ptrs, g1 gc, windows-amd64)
GC Precious Log:
 CPUs: 16 total, 16 available
 Memory: 7563M
 Large Page Support: Disabled
 NUMA Support: Disabled
 Compressed Oops: Enabled (32-bit)
 Heap Region Size: 1M
 Heap Min Capacity: 8M
 Heap Initial Capacity: 120M
 Heap Max Capacity: 2G
 Pre-touch: Disabled
 Parallel Workers: 13
 Concurrent Workers: 3
 Concurrent Refinement Workers: 13
 Periodic GC: Disabled
Heap:
 garbage-first heap   total 214016K, used 157637K [0x0000000080000000, 0x0000000100000000)
  region size 1024K, 1 young (1024K), 1 survivors (1024K)
 Metaspace       used 104765K, committed 105472K, reserved 1179648K
  class space    used 14423K, committed 14720K, reserved 1048576K
GC Heap History (20 events):
Event: 20.127 GC heap after
{Heap after GC invocations=66 (full 0):
 garbage-first heap   total 181248K, used 98238K [0x0000000080000000, 0x0000000100000000)
  region size 1024K, 8 young (8192K), 8 survivors (8192K)
 Metaspace       used 97061K, committed 97792K, reserved 1179648K
  class space    used 13613K, committed 13952K, reserved 1048576K
}
Event: 20.144 GC heap before
{Heap before GC invocations=66 (full 0):
 garbage-first heap   total 181248K, used 99262K [0x0000000080000000, 0x0000000100000000)
  region size 1024K, 9 young (9216K), 8 survivors (8192K)
 Metaspace       used 97065K, committed 97792K, reserved 1179648K
  class space    used 13613K, committed 13952K, reserved 1048576K
}
Event: 20.149 GC heap after
{Heap after GC invocations=67 (full 0):
 garbage-first heap   total 181248K, used 99066K [0x0000000080000000, 0x0000000100000000)
  region size 1024K, 2 young (2048K), 2 survivors (2048K)
 Metaspace       used 97065K, committed 97792K, reserved 1179648K
  class space    used 13613K, committed 13952K, reserved 1048576K
}
Event: 21.623 GC heap before
{Heap before GC invocations=67 (full 0):
 garbage-first heap   total 181248K, used 152314K [0x0000000080000000, 0x0000000100000000)
  region size 1024K, 50 young (51200K), 2 survivors (2048K)
 Metaspace       used 100564K, committed 101312K, reserved 1179648K
  class space    used 13995K, committed 14336K, reserved 1048576K
}
Event: 21.626 GC heap after
{Heap after GC invocations=68 (full 0):
 garbage-first heap   total 181248K, used 101194K [0x0000000080000000, 0x0000000100000000)
  region size 1024K, 4 young (4096K), 4 survivors (4096K)
 Metaspace       used 100564K, committed 101312K, reserved 1179648K
  class space    used 13995K, committed 14336K, reserved 1048576K
}
Event: 26.030 GC heap before
{Heap before GC invocations=68 (full 0):
 garbage-first heap   total 181248K, used 148298K [0x0000000080000000, 0x0000000100000000)
  region size 1024K, 49 young (50176K), 4 survivors (4096K)
 Metaspace       used 101263K, committed 101952K, reserved 1179648K
  class space    used 14020K, committed 14336K, reserved 1048576K
}
Event: 26.038 GC heap after
{Heap after GC invocations=69 (full 0):
 garbage-first heap   total 181248K, used 114688K [0x0000000080000000, 0x0000000100000000)
  region size 1024K, 7 young (7168K), 7 survivors (7168K)
 Metaspace       used 101263K, committed 101952K, reserved 1179648K
  class space    used 14020K, committed 14336K, reserved 1048576K
}
Event: 27.283 GC heap before
{Heap before GC invocations=70 (full 0):
 garbage-first heap   total 214016K, used 151552K [0x0000000080000000, 0x0000000100000000)
  region size 1024K, 37 young (37888K), 7 survivors (7168K)
 Metaspace       used 101465K, committed 102144K, reserved 1179648K
  class space    used 14038K, committed 14336K, reserved 1048576K
}
Event: 27.294 GC heap after
{Heap after GC invocations=71 (full 0):
 garbage-first heap   total 214016K, used 130048K [0x0000000080000000, 0x0000000100000000)
  region size 1024K, 5 young (5120K), 5 survivors (5120K)
 Metaspace       used 101465K, committed 102144K, reserved 1179648K
  class space    used 14038K, committed 14336K, reserved 1048576K
}
Event: 27.355 GC heap before
{Heap before GC invocations=71 (full 0):
 garbage-first heap   total 214016K, used 135168K [0x0000000080000000, 0x0000000100000000)
  region size 1024K, 10 young (10240K), 5 survivors (5120K)
 Metaspace       used 101604K, committed 102336K, reserved 1179648K
  class space    used 14052K, committed 14400K, reserved 1048576K
}
Event: 27.359 GC heap after
{Heap after GC invocations=72 (full 0):
 garbage-first heap   total 214016K, used 131632K [0x0000000080000000, 0x0000000100000000)
  region size 1024K, 2 young (2048K), 2 survivors (2048K)
 Metaspace       used 101604K, committed 102336K, reserved 1179648K
  class space    used 14052K, committed 14400K, reserved 1048576K
}
Event: 27.939 GC heap before
{Heap before GC invocations=72 (full 0):
 garbage-first heap   total 214016K, used 170544K [0x0000000080000000, 0x0000000100000000)
  region size 1024K, 33 young (33792K), 2 survivors (2048K)
 Metaspace       used 102244K, committed 102912K, reserved 1179648K
  class space    used 14107K, committed 14400K, reserved 1048576K
}
Event: 27.944 GC heap after
{Heap after GC invocations=73 (full 0):
 garbage-first heap   total 214016K, used 137121K [0x0000000080000000, 0x0000000100000000)
  region size 1024K, 5 young (5120K), 5 survivors (5120K)
 Metaspace       used 102244K, committed 102912K, reserved 1179648K
  class space    used 14107K, committed 14400K, reserved 1048576K
}
Event: 28.468 GC heap before
{Heap before GC invocations=73 (full 0):
 garbage-first heap   total 214016K, used 167841K [0x0000000080000000, 0x0000000100000000)
  region size 1024K, 35 young (35840K), 5 survivors (5120K)
 Metaspace       used 104672K, committed 105344K, reserved 1179648K
  class space    used 14414K, committed 14720K, reserved 1048576K
}
Event: 28.472 GC heap after
{Heap after GC invocations=74 (full 0):
 garbage-first heap   total 214016K, used 138438K [0x0000000080000000, 0x0000000100000000)
  region size 1024K, 2 young (2048K), 2 survivors (2048K)
 Metaspace       used 104672K, committed 105344K, reserved 1179648K
  class space    used 14414K, committed 14720K, reserved 1048576K
}
Event: 28.587 GC heap before
{Heap before GC invocations=74 (full 0):
 garbage-first heap   total 214016K, used 163014K [0x0000000080000000, 0x0000000100000000)
  region size 1024K, 12 young (12288K), 2 survivors (2048K)
 Metaspace       used 104765K, committed 105472K, reserved 1179648K
  class space    used 14423K, committed 14720K, reserved 1048576K
}
Event: 28.592 GC heap after
{Heap after GC invocations=75 (full 0):
 garbage-first heap   total 214016K, used 152204K [0x0000000080000000, 0x0000000100000000)
  region size 1024K, 5 young (5120K), 5 survivors (5120K)
 Metaspace       used 104765K, committed 105472K, reserved 1179648K
  class space    used 14423K, committed 14720K, reserved 1048576K
}
Event: 28.592 GC heap before
{Heap before GC invocations=75 (full 0):
 garbage-first heap   total 214016K, used 155276K [0x0000000080000000, 0x0000000100000000)
  region size 1024K, 6 young (6144K), 5 survivors (5120K)
 Metaspace       used 104765K, committed 105472K, reserved 1179648K
  class space    used 14423K, committed 14720K, reserved 1048576K
}
Event: 28.596 GC heap after
{Heap after GC invocations=76 (full 0):
 garbage-first heap   total 214016K, used 152437K [0x0000000080000000, 0x0000000100000000)
  region size 1024K, 1 young (1024K), 1 survivors (1024K)
 Metaspace       used 104765K, committed 105472K, reserved 1179648K
  class space    used 14423K, committed 14720K, reserved 1048576K
}
Event: 28.598 GC heap before
{Heap before GC invocations=76 (full 0):
 garbage-first heap   total 214016K, used 157557K [0x0000000080000000, 0x0000000100000000)
  region size 1024K, 2 young (2048K), 1 survivors (1024K)
 Metaspace       used 104765K, committed 105472K, reserved 1179648K
  class space    used 14423K, committed 14720K, reserved 1048576K
}

